nohup: ignoring input
=== VyomRaksha Phase 3 — Emergency Authority — Job local_18773 ===
Node: ip-172-31-39-87  Started: Sun Apr 26 05:51:47 UTC 2026
Project: /home/ubuntu/Meta-Hack-VyomRaksha
Checkpoints: /home/ubuntu/Meta-Hack-VyomRaksha/training/checkpoints
NVIDIA A10G, 23028 MiB, 580.126.16

Sun Apr 26 05:51:47 UTC 2026 --- Emergency authority calibration (500 steps) ---
2026-04-26 05:51:47,806 INFO __main__ — Phase 3 emergency calibration: agents=['threat', 'power', 'thermal', 'probe_systems', 'structural', 'communications'] steps=500
2026-04-26 05:51:47,806 INFO __main__ — Phase 3 calibration: agent=threat scope=full steps=500
/home/ubuntu/Meta-Hack-VyomRaksha/.venv/lib/python3.12/site-packages/transformers/utils/hub.py:110: FutureWarning: Using `TRANSFORMERS_CACHE` is deprecated and will be removed in v5 of Transformers. Use `HF_HOME` instead.
  warnings.warn(
2026-04-26 05:52:01,763 INFO accelerate.utils.modeling — We will use 90% of the memory on device 0 for storing the model, and 10% for the buffer to avoid OOM. You can set `max_memory` in to a higher value to use more memory (at your own risk).
Loading checkpoint shards:   0%|          | 0/8 [00:00<?, ?it/s]Loading checkpoint shards:  12%|█▎        | 1/8 [00:28<03:20, 28.65s/it]Loading checkpoint shards:  25%|██▌       | 2/8 [00:59<02:58, 29.70s/it]Loading checkpoint shards:  38%|███▊      | 3/8 [01:29<02:30, 30.03s/it]Loading checkpoint shards:  50%|█████     | 4/8 [01:59<02:00, 30.19s/it]Loading checkpoint shards:  62%|██████▎   | 5/8 [02:29<01:29, 29.83s/it]Loading checkpoint shards:  75%|███████▌  | 6/8 [02:40<00:46, 23.47s/it]Loading checkpoint shards:  88%|████████▊ | 7/8 [03:11<00:26, 26.11s/it]Loading checkpoint shards: 100%|██████████| 8/8 [03:29<00:00, 23.35s/it]Loading checkpoint shards: 100%|██████████| 8/8 [03:29<00:00, 26.16s/it]
2026-04-26 05:55:33,014 WARNING __main__ — Could not partially unfreeze threat: only Tensors of floating point and complex dtype can require gradients
Using the `WANDB_DISABLED` environment variable is deprecated and will be removed in v5. Use the --report_to flag to control the integrations used for logging result (for instance --report_to none).
Using the `WANDB_DISABLED` environment variable is deprecated and will be removed in v5. Use the --report_to flag to control the integrations used for logging result (for instance --report_to none).
Using the `WANDB_DISABLED` environment variable is deprecated and will be removed in v5. Use the --report_to flag to control the integrations used for logging result (for instance --report_to none).
Traceback (most recent call last):
  File "/home/ubuntu/Meta-Hack-VyomRaksha/training/train_emergency.py", line 507, in <module>
    main()
  File "/home/ubuntu/Meta-Hack-VyomRaksha/training/train_emergency.py", line 497, in main
    _run_emergency_training(
  File "/home/ubuntu/Meta-Hack-VyomRaksha/training/train_emergency.py", line 305, in _run_emergency_training
    _run_agent_grpo(model, tokenizer, agent_name, steps, reward_fn, output_dir, is_unsloth)
  File "/home/ubuntu/Meta-Hack-VyomRaksha/training/train_emergency.py", line 363, in _run_agent_grpo
    config = GRPOConfig(
             ^^^^^^^^^^^
  File "<string>", line 199, in __init__
  File "/home/ubuntu/Meta-Hack-VyomRaksha/.venv/lib/python3.12/site-packages/trl/trainer/grpo_config.py", line 939, in __post_init__
    raise ValueError(
ValueError: GRPO requires at least 2 generations per prompt to calculate the advantages. You provided 1, which is less than the minimum required.
